2014/02/24 16:40:46 [error] [exception.CHttpException.404] exception 'CHttpException' with message 'Unable to resolve the request "enviarCorreo".' in /Applications/XAMPP/xamppfiles/htdocs/yii/framework/web/CWebApplication.php:286
Stack trace:
#0 /Applications/XAMPP/xamppfiles/htdocs/yii/framework/web/CWebApplication.php(141): CWebApplication->runController('enviarCorreo')
#1 /Applications/XAMPP/xamppfiles/htdocs/yii/framework/base/CApplication.php(180): CWebApplication->processRequest()
#2 /Applications/XAMPP/xamppfiles/htdocs/ProyectoGradoSSO/IDP/index.php(13): CApplication->run()
#3 {main}
REQUEST_URI=/index.php/enviarCorreo
---
2014/02/25 10:40:23 [error] [php] Missing argument 2 for CActiveForm::label(), called in /Applications/XAMPP/xamppfiles/htdocs/ProyectoGradoSSO/IDP/protected/views/usuario/_recuperar.php on line 15 and defined (/Applications/XAMPP/xamppfiles/htdocs/yii/framework/web/widgets/CActiveForm.php:580)
Stack trace:
#0 /Applications/XAMPP/xamppfiles/htdocs/yii/framework/web/CBaseController.php(95): UsuarioController->renderInternal()
#1 /Applications/XAMPP/xamppfiles/htdocs/yii/framework/web/CController.php(869): UsuarioController->renderFile()
#2 /Applications/XAMPP/xamppfiles/htdocs/ProyectoGradoSSO/IDP/protected/views/usuario/recuperar.php(5): UsuarioController->renderPartial()
#3 /Applications/XAMPP/xamppfiles/htdocs/yii/framework/web/CBaseController.php(126): require()
#4 /Applications/XAMPP/xamppfiles/htdocs/yii/framework/web/CBaseController.php(95): UsuarioController->renderInternal()
#5 /Applications/XAMPP/xamppfiles/htdocs/yii/framework/web/CController.php(869): UsuarioController->renderFile()
#6 /Applications/XAMPP/xamppfiles/htdocs/yii/framework/web/CController.php(782): UsuarioController->renderPartial()
#7 /Applications/XAMPP/xamppfiles/htdocs/ProyectoGradoSSO/IDP/protected/controllers/UsuarioController.php(57): UsuarioController->render()
#8 /Applications/XAMPP/xamppfiles/htdocs/yii/framework/web/actions/CInlineAction.php(49): UsuarioController->actionRecuperarContrasena()
#9 /Applications/XAMPP/xamppfiles/htdocs/yii/framework/web/CController.php(308): CInlineAction->runWithParams()
#10 /Applications/XAMPP/xamppfiles/htdocs/yii/framework/web/filters/CFilterChain.php(133): UsuarioController->runAction()
#11 /Applications/XAMPP/xamppfiles/htdocs/yii/framework/web/filters/CFilter.php(40): CFilterChain->run()
#12 /Applications/XAMPP/xamppfiles/htdocs/yii/framework/web/CController.php(1145): CAccessControlFilter->filter()
#13 /Applications/XAMPP/xamppfiles/htdocs/yii/framework/web/filters/CInlineFilter.php(58): UsuarioController->filterAccessControl()
#14 /Applications/XAMPP/xamppfiles/htdocs/yii/framework/web/filters/CFilterChain.php(130): CInlineFilter->filter()
#15 /Applications/XAMPP/xamppfiles/htdocs/yii/framework/web/CController.php(291): CFilterChain->run()
#16 /Applications/XAMPP/xamppfiles/htdocs/yii/framework/web/CController.php(265): UsuarioController->runActionWithFilters()
#17 /Applications/XAMPP/xamppfiles/htdocs/yii/framework/web/CWebApplication.php(282): UsuarioController->run()
#18 /Applications/XAMPP/xamppfiles/htdocs/yii/framework/web/CWebApplication.php(141): CWebApplication->runController()
#19 /Applications/XAMPP/xamppfiles/htdocs/yii/framework/base/CApplication.php(180): CWebApplication->processRequest()
#20 /Applications/XAMPP/xamppfiles/htdocs/ProyectoGradoSSO/IDP/index.php(13): CWebApplication->run()
REQUEST_URI=/index.php/usuario/recuperarContrasena
in /Applications/XAMPP/xamppfiles/htdocs/ProyectoGradoSSO/IDP/protected/views/usuario/_recuperar.php (15)
in /Applications/XAMPP/xamppfiles/htdocs/ProyectoGradoSSO/IDP/protected/views/usuario/recuperar.php (5)
in /Applications/XAMPP/xamppfiles/htdocs/ProyectoGradoSSO/IDP/protected/controllers/UsuarioController.php (57)
2014/02/25 10:45:08 [error] [exception.CException] exception 'CException' with message 'Property "Usuario.email" is not defined.' in /Applications/XAMPP/xamppfiles/htdocs/yii/framework/base/CComponent.php:130
Stack trace:
#0 /Applications/XAMPP/xamppfiles/htdocs/yii/framework/db/ar/CActiveRecord.php(145): CComponent->__get('email')
#1 /Applications/XAMPP/xamppfiles/htdocs/yii/framework/web/helpers/CHtml.php(2529): CActiveRecord->__get('email')
#2 /Applications/XAMPP/xamppfiles/htdocs/yii/framework/web/helpers/CHtml.php(2252): CHtml::resolveValue(Object(Usuario), 'email')
#3 /Applications/XAMPP/xamppfiles/htdocs/yii/framework/web/helpers/CHtml.php(1434): CHtml::activeInputField('text', Object(Usuario), 'email', Array)
#4 /Applications/XAMPP/xamppfiles/htdocs/yii/framework/web/widgets/CActiveForm.php(725): CHtml::activeTextField(Object(Usuario), 'email', Array)
#5 /Applications/XAMPP/xamppfiles/htdocs/ProyectoGradoSSO/IDP/protected/views/usuario/_recuperar.php(16): CActiveForm->textField(Object(Usuario), 'email')
#6 /Applications/XAMPP/xamppfiles/htdocs/yii/framework/web/CBaseController.php(126): require('/Applications/X...')
#7 /Applications/XAMPP/xamppfiles/htdocs/yii/framework/web/CBaseController.php(95): CBaseController->renderInternal('/Applications/X...', Array, true)
#8 /Applications/XAMPP/xamppfiles/htdocs/yii/framework/web/CController.php(869): CBaseController->renderFile('/Applications/X...', Array, true)
#9 /Applications/XAMPP/xamppfiles/htdocs/ProyectoGradoSSO/IDP/protected/views/usuario/recuperar.php(5): CController->renderPartial('_recuperar', Array)
#10 /Applications/XAMPP/xamppfiles/htdocs/yii/framework/web/CBaseController.php(126): require('/Applications/X...')
#11 /Applications/XAMPP/xamppfiles/htdocs/yii/framework/web/CBaseController.php(95): CBaseController->renderInternal('/Applications/X...', Array, true)
#12 /Applications/XAMPP/xamppfiles/htdocs/yii/framework/web/CController.php(869): CBaseController->renderFile('/Applications/X...', Array, true)
#13 /Applications/XAMPP/xamppfiles/htdocs/yii/framework/web/CController.php(782): CController->renderPartial('recuperar', Array, true)
#14 /Applications/XAMPP/xamppfiles/htdocs/ProyectoGradoSSO/IDP/protected/controllers/UsuarioController.php(61): CController->render('recuperar', Array)
#15 /Applications/XAMPP/xamppfiles/htdocs/yii/framework/web/actions/CInlineAction.php(49): UsuarioController->actionRecuperarContrasena()
#16 /Applications/XAMPP/xamppfiles/htdocs/yii/framework/web/CController.php(308): CInlineAction->runWithParams(Array)
#17 /Applications/XAMPP/xamppfiles/htdocs/yii/framework/web/filters/CFilterChain.php(133): CController->runAction(Object(CInlineAction))
#18 /Applications/XAMPP/xamppfiles/htdocs/yii/framework/web/filters/CFilter.php(40): CFilterChain->run()
#19 /Applications/XAMPP/xamppfiles/htdocs/yii/framework/web/CController.php(1145): CFilter->filter(Object(CFilterChain))
#20 /Applications/XAMPP/xamppfiles/htdocs/yii/framework/web/filters/CInlineFilter.php(58): CController->filterAccessControl(Object(CFilterChain))
#21 /Applications/XAMPP/xamppfiles/htdocs/yii/framework/web/filters/CFilterChain.php(130): CInlineFilter->filter(Object(CFilterChain))
#22 /Applications/XAMPP/xamppfiles/htdocs/yii/framework/web/CController.php(291): CFilterChain->run()
#23 /Applications/XAMPP/xamppfiles/htdocs/yii/framework/web/CController.php(265): CController->runActionWithFilters(Object(CInlineAction), Array)
#24 /Applications/XAMPP/xamppfiles/htdocs/yii/framework/web/CWebApplication.php(282): CController->run('recuperarContra...')
#25 /Applications/XAMPP/xamppfiles/htdocs/yii/framework/web/CWebApplication.php(141): CWebApplication->runController('usuario/recuper...')
#26 /Applications/XAMPP/xamppfiles/htdocs/yii/framework/base/CApplication.php(180): CWebApplication->processRequest()
#27 /Applications/XAMPP/xamppfiles/htdocs/ProyectoGradoSSO/IDP/index.php(13): CApplication->run()
#28 {main}
REQUEST_URI=/index.php/usuario/recuperarContrasena
HTTP_REFERER=http://idp.anfho.com/simplesaml/module.php/core/loginuserpass.php?AuthState=_a4af47fb345427d27fd243a171ebb6e7c0c6bcf3fa%3Ahttp%3A%2F%2Fidp.anfho.com%2Fsimplesaml%2Fsaml2%2Fidp%2FSSOService.php%3Fspentityid%3Dsp1%26cookieTime%3D1393342029%26RelayState%3Dhttp%253A%252F%252Fsp1.anfho.com%252Findex.php%252Fsite%252Fregistro
---
2014/02/25 10:45:09 [error] [exception.CException] exception 'CException' with message 'Property "Usuario.email" is not defined.' in /Applications/XAMPP/xamppfiles/htdocs/yii/framework/base/CComponent.php:130
Stack trace:
#0 /Applications/XAMPP/xamppfiles/htdocs/yii/framework/db/ar/CActiveRecord.php(145): CComponent->__get('email')
#1 /Applications/XAMPP/xamppfiles/htdocs/yii/framework/web/helpers/CHtml.php(2529): CActiveRecord->__get('email')
#2 /Applications/XAMPP/xamppfiles/htdocs/yii/framework/web/helpers/CHtml.php(2252): CHtml::resolveValue(Object(Usuario), 'email')
#3 /Applications/XAMPP/xamppfiles/htdocs/yii/framework/web/helpers/CHtml.php(1434): CHtml::activeInputField('text', Object(Usuario), 'email', Array)
#4 /Applications/XAMPP/xamppfiles/htdocs/yii/framework/web/widgets/CActiveForm.php(725): CHtml::activeTextField(Object(Usuario), 'email', Array)
#5 /Applications/XAMPP/xamppfiles/htdocs/ProyectoGradoSSO/IDP/protected/views/usuario/_recuperar.php(16): CActiveForm->textField(Object(Usuario), 'email')
#6 /Applications/XAMPP/xamppfiles/htdocs/yii/framework/web/CBaseController.php(126): require('/Applications/X...')
#7 /Applications/XAMPP/xamppfiles/htdocs/yii/framework/web/CBaseController.php(95): CBaseController->renderInternal('/Applications/X...', Array, true)
#8 /Applications/XAMPP/xamppfiles/htdocs/yii/framework/web/CController.php(869): CBaseController->renderFile('/Applications/X...', Array, true)
#9 /Applications/XAMPP/xamppfiles/htdocs/ProyectoGradoSSO/IDP/protected/views/usuario/recuperar.php(5): CController->renderPartial('_recuperar', Array)
#10 /Applications/XAMPP/xamppfiles/htdocs/yii/framework/web/CBaseController.php(126): require('/Applications/X...')
#11 /Applications/XAMPP/xamppfiles/htdocs/yii/framework/web/CBaseController.php(95): CBaseController->renderInternal('/Applications/X...', Array, true)
#12 /Applications/XAMPP/xamppfiles/htdocs/yii/framework/web/CController.php(869): CBaseController->renderFile('/Applications/X...', Array, true)
#13 /Applications/XAMPP/xamppfiles/htdocs/yii/framework/web/CController.php(782): CController->renderPartial('recuperar', Array, true)
#14 /Applications/XAMPP/xamppfiles/htdocs/ProyectoGradoSSO/IDP/protected/controllers/UsuarioController.php(61): CController->render('recuperar', Array)
#15 /Applications/XAMPP/xamppfiles/htdocs/yii/framework/web/actions/CInlineAction.php(49): UsuarioController->actionRecuperarContrasena()
#16 /Applications/XAMPP/xamppfiles/htdocs/yii/framework/web/CController.php(308): CInlineAction->runWithParams(Array)
#17 /Applications/XAMPP/xamppfiles/htdocs/yii/framework/web/filters/CFilterChain.php(133): CController->runAction(Object(CInlineAction))
#18 /Applications/XAMPP/xamppfiles/htdocs/yii/framework/web/filters/CFilter.php(40): CFilterChain->run()
#19 /Applications/XAMPP/xamppfiles/htdocs/yii/framework/web/CController.php(1145): CFilter->filter(Object(CFilterChain))
#20 /Applications/XAMPP/xamppfiles/htdocs/yii/framework/web/filters/CInlineFilter.php(58): CController->filterAccessControl(Object(CFilterChain))
#21 /Applications/XAMPP/xamppfiles/htdocs/yii/framework/web/filters/CFilterChain.php(130): CInlineFilter->filter(Object(CFilterChain))
#22 /Applications/XAMPP/xamppfiles/htdocs/yii/framework/web/CController.php(291): CFilterChain->run()
#23 /Applications/XAMPP/xamppfiles/htdocs/yii/framework/web/CController.php(265): CController->runActionWithFilters(Object(CInlineAction), Array)
#24 /Applications/XAMPP/xamppfiles/htdocs/yii/framework/web/CWebApplication.php(282): CController->run('recuperarContra...')
#25 /Applications/XAMPP/xamppfiles/htdocs/yii/framework/web/CWebApplication.php(141): CWebApplication->runController('usuario/recuper...')
#26 /Applications/XAMPP/xamppfiles/htdocs/yii/framework/base/CApplication.php(180): CWebApplication->processRequest()
#27 /Applications/XAMPP/xamppfiles/htdocs/ProyectoGradoSSO/IDP/index.php(13): CApplication->run()
#28 {main}
REQUEST_URI=/index.php/usuario/recuperarContrasena
HTTP_REFERER=http://idp.anfho.com/simplesaml/module.php/core/loginuserpass.php?AuthState=_a4af47fb345427d27fd243a171ebb6e7c0c6bcf3fa%3Ahttp%3A%2F%2Fidp.anfho.com%2Fsimplesaml%2Fsaml2%2Fidp%2FSSOService.php%3Fspentityid%3Dsp1%26cookieTime%3D1393342029%26RelayState%3Dhttp%253A%252F%252Fsp1.anfho.com%252Findex.php%252Fsite%252Fregistro
---
2014/02/25 11:55:05 [error] [php] Argument 1 passed to UsuarioController::enviarRecuperacionCorreo() must be an instance of String, string given, called in /Applications/XAMPP/xamppfiles/htdocs/ProyectoGradoSSO/IDP/protected/controllers/UsuarioController.php on line 62 and defined (/Applications/XAMPP/xamppfiles/htdocs/ProyectoGradoSSO/IDP/protected/controllers/UsuarioController.php:167)
Stack trace:
#0 /Applications/XAMPP/xamppfiles/htdocs/yii/framework/web/CController.php(308): CInlineAction->runWithParams()
#1 /Applications/XAMPP/xamppfiles/htdocs/yii/framework/web/filters/CFilterChain.php(133): UsuarioController->runAction()
#2 /Applications/XAMPP/xamppfiles/htdocs/yii/framework/web/filters/CFilter.php(40): CFilterChain->run()
#3 /Applications/XAMPP/xamppfiles/htdocs/yii/framework/web/CController.php(1145): CAccessControlFilter->filter()
#4 /Applications/XAMPP/xamppfiles/htdocs/yii/framework/web/filters/CInlineFilter.php(58): UsuarioController->filterAccessControl()
#5 /Applications/XAMPP/xamppfiles/htdocs/yii/framework/web/filters/CFilterChain.php(130): CInlineFilter->filter()
#6 /Applications/XAMPP/xamppfiles/htdocs/yii/framework/web/CController.php(291): CFilterChain->run()
#7 /Applications/XAMPP/xamppfiles/htdocs/yii/framework/web/CController.php(265): UsuarioController->runActionWithFilters()
#8 /Applications/XAMPP/xamppfiles/htdocs/yii/framework/web/CWebApplication.php(282): UsuarioController->run()
#9 /Applications/XAMPP/xamppfiles/htdocs/yii/framework/web/CWebApplication.php(141): CWebApplication->runController()
#10 /Applications/XAMPP/xamppfiles/htdocs/yii/framework/base/CApplication.php(180): CWebApplication->processRequest()
#11 /Applications/XAMPP/xamppfiles/htdocs/ProyectoGradoSSO/IDP/index.php(13): CWebApplication->run()
REQUEST_URI=/index.php/usuario/recuperarContrasena
in /Applications/XAMPP/xamppfiles/htdocs/ProyectoGradoSSO/IDP/protected/controllers/UsuarioController.php (167)
in /Applications/XAMPP/xamppfiles/htdocs/ProyectoGradoSSO/IDP/protected/controllers/UsuarioController.php (62)
in /Applications/XAMPP/xamppfiles/htdocs/ProyectoGradoSSO/IDP/index.php (13)
